<?xml version="1.0" encoding="UTF-8"?>
<!-- Generated by org.testng.reporters.JUnitReportReporter -->
<testsuite hostname="Bantyadav" failures="0" tests="1" name="com.localSetup.ProjectTest.ExtentReport1" time="54.030" errors="0" timestamp="2022-02-23T20:52:20 IST" skipped="0">
  <testcase classname="com.localSetup.ProjectTest.ExtentReport1" name="extentReportsDemo" time="54.030"/>
  <system-out/>
</testsuite> <!-- com.localSetup.ProjectTest.ExtentReport1 -->
