<?xml version="1.0" encoding="UTF-8"?>
<!-- Generated by org.testng.reporters.JUnitReportReporter -->
<testsuite hostname="Bantyadav" failures="0" tests="1" name="com.localSetup.ProjectTest.automationTestStore.testClasses.TC001_Validate_Valid_Login" time="82.076" errors="0" timestamp="2022-03-05T18:15:43 IST" skipped="0">
  <testcase classname="com.localSetup.ProjectTest.automationTestStore.testClasses.TC001_Validate_Valid_Login" name="verifyLoginFunction" time="82.076"/>
  <system-out/>
</testsuite> <!-- com.localSetup.ProjectTest.automationTestStore.testClasses.TC001_Validate_Valid_Login -->
